{"/Users/pedr/Documents/Personal/Code/Repos/gatsby-skeleton/src/config/schema.js": {"path":"/Users/pedr/Documents/Personal/Code/Repos/gatsby-skeleton/src/config/schema.js","statementMap":{"0":{"start":{"line":1,"column":12},"end":{"line":1,"column":26}},"1":{"start":{"line":3,"column":13},"end":{"line":10,"column":2}},"2":{"start":{"line":12,"column":12},"end":{"line":16,"column":2}},"3":{"start":{"line":18,"column":18},"end":{"line":22,"column":2}},"4":{"start":{"line":24,"column":14},"end":{"line":31,"column":2}},"5":{"start":{"line":33,"column":15},"end":{"line":37,"column":2}},"6":{"start":{"line":39,"column":12},"end":{"line":41,"column":2}},"7":{"start":{"line":43,"column":0},"end":{"line":50,"column":3}}},"fnMap":{},"branchMap":{},"s":{"0":1,"1":1,"2":1,"3":1,"4":1,"5":1,"6":1,"7":1},"f":{},"b":{},"_coverageSchema":"332fd63041d2c1bcb487cc26dd0d5f7d97098a6c","hash":"08c5e7cfecae9fc8c483db751fdeb2b44dec54d1"}
,"/Users/pedr/Documents/Personal/Code/Repos/gatsby-skeleton/src/config/validate.js": {"path":"/Users/pedr/Documents/Personal/Code/Repos/gatsby-skeleton/src/config/validate.js","statementMap":{"0":{"start":{"line":1,"column":12},"end":{"line":1,"column":26}},"1":{"start":{"line":2,"column":15},"end":{"line":2,"column":34}},"2":{"start":{"line":4,"column":0},"end":{"line":10,"column":5}},"3":{"start":{"line":5,"column":2},"end":{"line":10,"column":4}},"4":{"start":{"line":6,"column":4},"end":{"line":8,"column":5}},"5":{"start":{"line":7,"column":6},"end":{"line":7,"column":71}},"6":{"start":{"line":9,"column":4},"end":{"line":9,"column":17}}},"fnMap":{"0":{"name":"(anonymous_0)","decl":{"start":{"line":4,"column":17},"end":{"line":4,"column":18}},"loc":{"start":{"line":5,"column":2},"end":{"line":10,"column":4}},"line":5},"1":{"name":"(anonymous_1)","decl":{"start":{"line":5,"column":31},"end":{"line":5,"column":32}},"loc":{"start":{"line":5,"column":49},"end":{"line":10,"column":3}},"line":5}},"branchMap":{"0":{"loc":{"start":{"line":6,"column":4},"end":{"line":8,"column":5}},"type":"if","locations":[{"start":{"line":6,"column":4},"end":{"line":8,"column":5}},{"start":{"line":6,"column":4},"end":{"line":8,"column":5}}],"line":6}},"s":{"0":1,"1":1,"2":1,"3":2,"4":2,"5":0,"6":2},"f":{"0":2,"1":2},"b":{"0":[0,2]},"_coverageSchema":"332fd63041d2c1bcb487cc26dd0d5f7d97098a6c","hash":"914284c706e04e85c5d33ee91f635c09fa10ae65"}
}
