{"/Users/pedr/Documents/Personal/Code/Repos/gatsby-skeleton/src/config/schema.js": {"path":"/Users/pedr/Documents/Personal/Code/Repos/gatsby-skeleton/src/config/schema.js","statementMap":{"0":{"start":{"line":1,"column":12},"end":{"line":1,"column":26}},"1":{"start":{"line":3,"column":13},"end":{"line":11,"column":2}},"2":{"start":{"line":13,"column":12},"end":{"line":17,"column":2}},"3":{"start":{"line":19,"column":18},"end":{"line":23,"column":2}},"4":{"start":{"line":25,"column":14},"end":{"line":32,"column":2}},"5":{"start":{"line":34,"column":15},"end":{"line":38,"column":2}},"6":{"start":{"line":40,"column":12},"end":{"line":42,"column":2}},"7":{"start":{"line":44,"column":0},"end":{"line":51,"column":3}}},"fnMap":{},"branchMap":{},"s":{"0":1,"1":1,"2":1,"3":1,"4":1,"5":1,"6":1,"7":1},"f":{},"b":{},"_coverageSchema":"332fd63041d2c1bcb487cc26dd0d5f7d97098a6c","hash":"685fb0a76992c7d4b20d2ae87e3c303bb14c4d4a"}
,"/Users/pedr/Documents/Personal/Code/Repos/gatsby-skeleton/src/config/validate.js": {"path":"/Users/pedr/Documents/Personal/Code/Repos/gatsby-skeleton/src/config/validate.js","statementMap":{"0":{"start":{"line":1,"column":12},"end":{"line":1,"column":26}},"1":{"start":{"line":2,"column":15},"end":{"line":2,"column":34}},"2":{"start":{"line":4,"column":0},"end":{"line":10,"column":5}},"3":{"start":{"line":5,"column":2},"end":{"line":10,"column":4}},"4":{"start":{"line":6,"column":4},"end":{"line":8,"column":5}},"5":{"start":{"line":7,"column":6},"end":{"line":7,"column":71}},"6":{"start":{"line":9,"column":4},"end":{"line":9,"column":17}}},"fnMap":{"0":{"name":"(anonymous_0)","decl":{"start":{"line":4,"column":17},"end":{"line":4,"column":18}},"loc":{"start":{"line":5,"column":2},"end":{"line":10,"column":4}},"line":5},"1":{"name":"(anonymous_1)","decl":{"start":{"line":5,"column":31},"end":{"line":5,"column":32}},"loc":{"start":{"line":5,"column":49},"end":{"line":10,"column":3}},"line":5}},"branchMap":{"0":{"loc":{"start":{"line":6,"column":4},"end":{"line":8,"column":5}},"type":"if","locations":[{"start":{"line":6,"column":4},"end":{"line":8,"column":5}},{"start":{"line":6,"column":4},"end":{"line":8,"column":5}}],"line":6}},"s":{"0":1,"1":1,"2":1,"3":2,"4":2,"5":0,"6":2},"f":{"0":2,"1":2},"b":{"0":[0,2]},"_coverageSchema":"332fd63041d2c1bcb487cc26dd0d5f7d97098a6c","hash":"914284c706e04e85c5d33ee91f635c09fa10ae65"}
,"/Users/pedr/Documents/Personal/Code/Repos/gatsby-skeleton/src/config/validatedConfig.js": {"path":"/Users/pedr/Documents/Personal/Code/Repos/gatsby-skeleton/src/config/validatedConfig.js","statementMap":{"0":{"start":{"line":1,"column":28},"end":{"line":1,"column":44}},"1":{"start":{"line":1,"column":52},"end":{"line":1,"column":65}},"2":{"start":{"line":2,"column":13},"end":{"line":2,"column":33}},"3":{"start":{"line":3,"column":15},"end":{"line":3,"column":36}},"4":{"start":{"line":5,"column":0},"end":{"line":5,"column":62}},"5":{"start":{"line":5,"column":30},"end":{"line":5,"column":60}}},"fnMap":{"0":{"name":"(anonymous_0)","decl":{"start":{"line":5,"column":17},"end":{"line":5,"column":18}},"loc":{"start":{"line":5,"column":29},"end":{"line":5,"column":61}},"line":5}},"branchMap":{},"s":{"0":0,"1":0,"2":0,"3":0,"4":0,"5":0},"f":{"0":0},"b":{}}
}
